<?xml version="1.0" encoding="UTF-8"?>
<testsuites>
<testsuite timestamp="2026-07-16T21:23:13" hostname="jotshawlinux-Legion" package="config" id="0" name="cover" tests="18" errors="0" failures="0" time="0" skipped="7">
<properties>
<property name="os" value="Linux"/>
<property name="expect" value="PASS"/>
<property name="status" value="PASS"/>
</properties>
<testcase classname="cover" name="build execution" time="0">
</testcase>
<testcase classname="cover" name="Property COVER in formal_config at formal_config.sv:48.5-48.43" time="0" type="COVER" location="formal_config.sv:48.5-48.43" id="_witness_.check_cover_formal_config_sv_48_199" tracefile="engine_0/trace5.vcd">
</testcase>
<testcase classname="cover" name="Property COVER in formal_config at formal_config.sv:49.5-49.68" time="0" type="COVER" location="formal_config.sv:49.5-49.68" id="_witness_.check_cover_formal_config_sv_49_202" tracefile="engine_0/trace6.vcd">
</testcase>
<testcase classname="cover" name="Property COVER in formal_config at formal_config.sv:50.5-50.43" time="0" type="COVER" location="formal_config.sv:50.5-50.43" id="_witness_.check_cover_formal_config_sv_50_207" tracefile="engine_0/trace7.vcd">
</testcase>
<testcase classname="cover" name="Property COVER in formal_config at formal_config.sv:51.5-51.28" time="0" type="COVER" location="formal_config.sv:51.5-51.28" id="_witness_.check_cover_formal_config_sv_51_210" tracefile="engine_0/trace9.vcd">
</testcase>
<testcase classname="cover" name="Property COVER in formal_config at formal_config.sv:52.5-52.32" time="0" type="COVER" location="formal_config.sv:52.5-52.32" id="_witness_.check_cover_formal_config_sv_52_212" tracefile="engine_0/trace8.vcd">
</testcase>
<testcase classname="cover" name="Property COVER in formal_config at formal_config.sv:53.5-53.66" time="0" type="COVER" location="formal_config.sv:53.5-53.66" id="_witness_.check_cover_formal_config_sv_53_214" tracefile="engine_0/trace9.vcd">
</testcase>
<testcase classname="cover" name="Property COVER in formal_config at formal_config.sv:54.5-54.57" time="0" type="COVER" location="formal_config.sv:54.5-54.57" id="_witness_.check_cover_formal_config_sv_54_219" tracefile="engine_0/trace4.vcd">
</testcase>
<testcase classname="cover" name="Property COVER in formal_config at formal_config.sv:55.5-55.42" time="0" type="COVER" location="formal_config.sv:55.5-55.42" id="_witness_.check_cover_formal_config_sv_55_222" tracefile="engine_0/trace0.vcd">
</testcase>
<testcase classname="cover" name="Property COVER in formal_config at formal_config.sv:56.5-56.42" time="0" type="COVER" location="formal_config.sv:56.5-56.42" id="_witness_.check_cover_formal_config_sv_56_226" tracefile="engine_0/trace1.vcd">
</testcase>
<testcase classname="cover" name="Property COVER in formal_config at formal_config.sv:57.5-57.42" time="0" type="COVER" location="formal_config.sv:57.5-57.42" id="_witness_.check_cover_formal_config_sv_57_230" tracefile="engine_0/trace2.vcd">
</testcase>
<testcase classname="cover" name="Property COVER in formal_config at formal_config.sv:58.5-58.45" time="0" type="COVER" location="formal_config.sv:58.5-58.45" id="_witness_.check_cover_formal_config_sv_58_234" tracefile="engine_0/trace3.vcd">
</testcase>
<testcase classname="cover" name="Property ASSERT in formal_config/dut at hdm_config.sv:272.7-272.66" time="0" type="ASSERT" location="hdm_config.sv:272.7-272.66" id="_witness_.check_assert_hdm_config_sv_272_287">
<skipped />
</testcase>
<testcase classname="cover" name="Property ASSERT in formal_config/dut at hdm_config.sv:274.20-274.48" time="0" type="ASSERT" location="hdm_config.sv:274.20-274.48" id="_witness_.check_assert_hdm_config_sv_274_292">
<skipped />
</testcase>
<testcase classname="cover" name="Property ASSERT in formal_config/dut at hdm_config.sv:276.19-276.49" time="0" type="ASSERT" location="hdm_config.sv:276.19-276.49" id="_witness_.check_assert_hdm_config_sv_276_294">
<skipped />
</testcase>
<testcase classname="cover" name="Property ASSERT in formal_config/dut at hdm_config.sv:279.9-279.40" time="0" type="ASSERT" location="hdm_config.sv:279.9-279.40" id="_witness_.check_assert_hdm_config_sv_279_299">
<skipped />
</testcase>
<testcase classname="cover" name="Property ASSERT in formal_config/dut at hdm_config.sv:281.19-281.48" time="0" type="ASSERT" location="hdm_config.sv:281.19-281.48" id="_witness_.check_assert_hdm_config_sv_281_301">
<skipped />
</testcase>
<testcase classname="cover" name="Property ASSERT in formal_config/dut at hdm_config.sv:282.58-282.79" time="0" type="ASSERT" location="hdm_config.sv:282.58-282.79" id="_witness_.check_assert_hdm_config_sv_282_306">
<skipped />
</testcase>
<testcase classname="cover" name="Property ASSERT in formal_config/dut at hdm_config.sv:285.5-285.52" time="0" type="ASSERT" location="hdm_config.sv:285.5-285.52" id="_witness_.check_assert_hdm_config_sv_285_308">
<skipped />
</testcase>
<system-out>SBY 21:23:13 [formal/config_bmc] Removing directory '/home/jotshawlinux/Downloads/project2_cxl_validation/formal/config_bmc'.
SBY 21:23:13 [formal/config_prove] Removing directory '/home/jotshawlinux/Downloads/project2_cxl_validation/formal/config_prove'.
SBY 21:23:13 [formal/config_cover] Removing directory '/home/jotshawlinux/Downloads/project2_cxl_validation/formal/config_cover'.
SBY 21:23:13 [formal/config_cover] Copy '/home/jotshawlinux/Downloads/project2_cxl_validation/rtl/csr/hdm_config.sv' to '/home/jotshawlinux/Downloads/project2_cxl_validation/formal/config_cover/src/hdm_config.sv'.
SBY 21:23:13 [formal/config_cover] Copy '/home/jotshawlinux/Downloads/project2_cxl_validation/formal/formal_config.sv' to '/home/jotshawlinux/Downloads/project2_cxl_validation/formal/config_cover/src/formal_config.sv'.
SBY 21:23:13 [formal/config_cover] engine_0: smtbmc yices
SBY 21:23:13 [formal/config_cover] base: starting process &quot;cd formal/config_cover/src; yosys -ql ../model/design.log ../model/design.ys&quot;
SBY 21:23:13 [formal/config_cover] base: Warning: Replacing memory \win_reason with list of registers. See hdm_config.sv:115
SBY 21:23:13 [formal/config_cover] base: Warning: Replacing memory \pend_dpa with list of registers. See hdm_config.sv:186
SBY 21:23:13 [formal/config_cover] base: Warning: Replacing memory \pend_size with list of registers. See hdm_config.sv:186
SBY 21:23:13 [formal/config_cover] base: Warning: Replacing memory \pend_base with list of registers. See hdm_config.sv:186
SBY 21:23:13 [formal/config_cover] base: Warning: Replacing memory \pend_en with list of registers. See hdm_config.sv:186
SBY 21:23:13 [formal/config_cover] base: Warning: Replacing memory \act_dpa with list of registers. See hdm_config.sv:185
SBY 21:23:13 [formal/config_cover] base: Warning: Replacing memory \act_size with list of registers. See hdm_config.sv:185
SBY 21:23:13 [formal/config_cover] base: Warning: Replacing memory \act_base with list of registers. See hdm_config.sv:185
SBY 21:23:13 [formal/config_cover] base: Warning: Replacing memory \act_en with list of registers. See hdm_config.sv:185
SBY 21:23:13 [formal/config_cover] base: Warning: Replacing memory \sh_dpa with list of registers. See hdm_config.sv:184
SBY 21:23:13 [formal/config_cover] base: Warning: Replacing memory \sh_size with list of registers. See hdm_config.sv:184
SBY 21:23:13 [formal/config_cover] base: Warning: Replacing memory \sh_base with list of registers. See hdm_config.sv:184
SBY 21:23:13 [formal/config_cover] base: Warning: Replacing memory \sh_en with list of registers. See hdm_config.sv:184
SBY 21:23:13 [formal/config_cover] base: Warning: Wire formal_config.\sh_cap_i [12] is used but has no driver.
SBY 21:23:13 [formal/config_cover] base: Warning: Wire formal_config.\sh_cap_i [11] is used but has no driver.
SBY 21:23:13 [formal/config_cover] base: Warning: Wire formal_config.\sh_cap_i [10] is used but has no driver.
SBY 21:23:13 [formal/config_cover] base: Warning: Wire formal_config.\sh_cap_i [9] is used but has no driver.
SBY 21:23:13 [formal/config_cover] base: Warning: Wire formal_config.\sh_cap_i [8] is used but has no driver.
SBY 21:23:13 [formal/config_cover] base: Warning: Wire formal_config.\sh_cap_i [7] is used but has no driver.
SBY 21:23:13 [formal/config_cover] base: Warning: Wire formal_config.\sh_cap_i [6] is used but has no driver.
SBY 21:23:13 [formal/config_cover] base: Warning: Wire formal_config.\sh_cap_i [5] is used but has no driver.
SBY 21:23:13 [formal/config_cover] base: Warning: Wire formal_config.\sh_cap_i [4] is used but has no driver.
SBY 21:23:13 [formal/config_cover] base: Warning: Wire formal_config.\sh_cap_i [3] is used but has no driver.
SBY 21:23:13 [formal/config_cover] base: Warning: Wire formal_config.\sh_cap_i [2] is used but has no driver.
SBY 21:23:13 [formal/config_cover] base: Warning: Wire formal_config.\sh_cap_i [1] is used but has no driver.
SBY 21:23:13 [formal/config_cover] base: Warning: Wire formal_config.\sh_cap_i [0] is used but has no driver.
SBY 21:23:13 [formal/config_cover] base: Warning: Wire formal_config.\sh_cap_we is used but has no driver.
SBY 21:23:13 [formal/config_cover] base: Warning: Wire formal_config.\sh_dpa_i [11] is used but has no driver.
SBY 21:23:13 [formal/config_cover] base: Warning: Wire formal_config.\sh_dpa_i [10] is used but has no driver.
SBY 21:23:13 [formal/config_cover] base: Warning: Wire formal_config.\sh_dpa_i [9] is used but has no driver.
SBY 21:23:13 [formal/config_cover] base: Warning: Wire formal_config.\sh_dpa_i [8] is used but has no driver.
SBY 21:23:13 [formal/config_cover] base: Warning: Wire formal_config.\sh_dpa_i [7] is used but has no driver.
SBY 21:23:13 [formal/config_cover] base: Warning: Wire formal_config.\sh_dpa_i [6] is used but has no driver.
SBY 21:23:13 [formal/config_cover] base: Warning: Wire formal_config.\sh_dpa_i [5] is used but has no driver.
SBY 21:23:13 [formal/config_cover] base: Warning: Wire formal_config.\sh_dpa_i [4] is used but has no driver.
SBY 21:23:13 [formal/config_cover] base: Warning: Wire formal_config.\sh_dpa_i [3] is used but has no driver.
SBY 21:23:13 [formal/config_cover] base: Warning: Wire formal_config.\sh_dpa_i [2] is used but has no driver.
SBY 21:23:13 [formal/config_cover] base: Warning: Wire formal_config.\sh_dpa_i [1] is used but has no driver.
SBY 21:23:13 [formal/config_cover] base: Warning: Wire formal_config.\sh_dpa_i [0] is used but has no driver.
SBY 21:23:13 [formal/config_cover] base: Warning: Wire formal_config.\sh_size_i [15] is used but has no driver.
SBY 21:23:13 [formal/config_cover] base: Warning: Wire formal_config.\sh_size_i [14] is used but has no driver.
SBY 21:23:13 [formal/config_cover] base: Warning: Wire formal_config.\sh_size_i [13] is used but has no driver.
SBY 21:23:13 [formal/config_cover] base: Warning: Wire formal_config.\sh_size_i [12] is used but has no driver.
SBY 21:23:13 [formal/config_cover] base: Warning: Wire formal_config.\sh_size_i [11] is used but has no driver.
SBY 21:23:13 [formal/config_cover] base: Warning: Wire formal_config.\sh_size_i [10] is used but has no driver.
SBY 21:23:13 [formal/config_cover] base: Warning: Wire formal_config.\sh_size_i [9] is used but has no driver.
SBY 21:23:13 [formal/config_cover] base: Warning: Wire formal_config.\sh_size_i [8] is used but has no driver.
SBY 21:23:13 [formal/config_cover] base: Warning: Wire formal_config.\sh_size_i [7] is used but has no driver.
SBY 21:23:13 [formal/config_cover] base: Warning: Wire formal_config.\sh_size_i [6] is used but has no driver.
SBY 21:23:13 [formal/config_cover] base: Warning: Wire formal_config.\sh_size_i [5] is used but has no driver.
SBY 21:23:13 [formal/config_cover] base: Warning: Wire formal_config.\sh_size_i [4] is used but has no driver.
SBY 21:23:13 [formal/config_cover] base: Warning: Wire formal_config.\sh_size_i [3] is used but has no driver.
SBY 21:23:13 [formal/config_cover] base: Warning: Wire formal_config.\sh_size_i [2] is used but has no driver.
SBY 21:23:13 [formal/config_cover] base: Warning: Wire formal_config.\sh_size_i [1] is used but has no driver.
SBY 21:23:13 [formal/config_cover] base: Warning: Wire formal_config.\sh_size_i [0] is used but has no driver.
SBY 21:23:13 [formal/config_cover] base: Warning: Wire formal_config.\sh_base_i [15] is used but has no driver.
SBY 21:23:13 [formal/config_cover] base: Warning: Wire formal_config.\sh_base_i [14] is used but has no driver.
SBY 21:23:13 [formal/config_cover] base: Warning: Wire formal_config.\sh_base_i [13] is used but has no driver.
SBY 21:23:13 [formal/config_cover] base: Warning: Wire formal_config.\sh_base_i [12] is used but has no driver.
SBY 21:23:13 [formal/config_cover] base: Warning: Wire formal_config.\sh_base_i [11] is used but has no driver.
SBY 21:23:13 [formal/config_cover] base: Warning: Wire formal_config.\sh_base_i [10] is used but has no driver.
SBY 21:23:13 [formal/config_cover] base: Warning: Wire formal_config.\sh_base_i [9] is used but has no driver.
SBY 21:23:13 [formal/config_cover] base: Warning: Wire formal_config.\sh_base_i [8] is used but has no driver.
SBY 21:23:13 [formal/config_cover] base: Warning: Wire formal_config.\sh_base_i [7] is used but has no driver.
SBY 21:23:13 [formal/config_cover] base: Warning: Wire formal_config.\sh_base_i [6] is used but has no driver.
SBY 21:23:13 [formal/config_cover] base: Warning: Wire formal_config.\sh_base_i [5] is used but has no driver.
SBY 21:23:13 [formal/config_cover] base: Warning: Wire formal_config.\sh_base_i [4] is used but has no driver.
SBY 21:23:13 [formal/config_cover] base: Warning: Wire formal_config.\sh_base_i [3] is used but has no driver.
SBY 21:23:13 [formal/config_cover] base: Warning: Wire formal_config.\sh_base_i [2] is used but has no driver.
SBY 21:23:13 [formal/config_cover] base: Warning: Wire formal_config.\sh_base_i [1] is used but has no driver.
SBY 21:23:13 [formal/config_cover] base: Warning: Wire formal_config.\sh_base_i [0] is used but has no driver.
SBY 21:23:13 [formal/config_cover] base: Warning: Wire formal_config.\sh_en_i is used but has no driver.
SBY 21:23:13 [formal/config_cover] base: Warning: Wire formal_config.\sh_idx is used but has no driver.
SBY 21:23:13 [formal/config_cover] base: Warning: Wire formal_config.\sh_we is used but has no driver.
SBY 21:23:13 [formal/config_cover] base: Warning: Wire formal_config.\outstanding_cnt [2] is used but has no driver.
SBY 21:23:13 [formal/config_cover] base: Warning: Wire formal_config.\outstanding_cnt [1] is used but has no driver.
SBY 21:23:13 [formal/config_cover] base: Warning: Wire formal_config.\outstanding_cnt [0] is used but has no driver.
SBY 21:23:13 [formal/config_cover] base: Warning: Wire formal_config.\cfg_update_req is used but has no driver.
SBY 21:23:13 [formal/config_cover] base: Warning: Wire formal_config.\rst_n is used but has no driver.
SBY 21:23:13 [formal/config_cover] base: finished (returncode=0)
SBY 21:23:13 [formal/config_cover] prep: starting process &quot;cd formal/config_cover/model; yosys -ql design_prep.log design_prep.ys&quot;
SBY 21:23:13 [formal/config_cover] prep: Warning: Wire formal_config.\sh_we is used but has no driver.
SBY 21:23:13 [formal/config_cover] prep: Warning: Wire formal_config.\sh_size_i [15] is used but has no driver.
SBY 21:23:13 [formal/config_cover] prep: Warning: Wire formal_config.\sh_size_i [14] is used but has no driver.
SBY 21:23:13 [formal/config_cover] prep: Warning: Wire formal_config.\sh_size_i [13] is used but has no driver.
SBY 21:23:13 [formal/config_cover] prep: Warning: Wire formal_config.\sh_size_i [12] is used but has no driver.
SBY 21:23:13 [formal/config_cover] prep: Warning: Wire formal_config.\sh_size_i [11] is used but has no driver.
SBY 21:23:13 [formal/config_cover] prep: Warning: Wire formal_config.\sh_size_i [10] is used but has no driver.
SBY 21:23:13 [formal/config_cover] prep: Warning: Wire formal_config.\sh_size_i [9] is used but has no driver.
SBY 21:23:13 [formal/config_cover] prep: Warning: Wire formal_config.\sh_size_i [8] is used but has no driver.
SBY 21:23:13 [formal/config_cover] prep: Warning: Wire formal_config.\sh_size_i [7] is used but has no driver.
SBY 21:23:13 [formal/config_cover] prep: Warning: Wire formal_config.\sh_size_i [6] is used but has no driver.
SBY 21:23:13 [formal/config_cover] prep: Warning: Wire formal_config.\sh_size_i [5] is used but has no driver.
SBY 21:23:13 [formal/config_cover] prep: Warning: Wire formal_config.\sh_size_i [4] is used but has no driver.
SBY 21:23:13 [formal/config_cover] prep: Warning: Wire formal_config.\sh_size_i [3] is used but has no driver.
SBY 21:23:13 [formal/config_cover] prep: Warning: Wire formal_config.\sh_size_i [2] is used but has no driver.
SBY 21:23:13 [formal/config_cover] prep: Warning: Wire formal_config.\sh_size_i [1] is used but has no driver.
SBY 21:23:13 [formal/config_cover] prep: Warning: Wire formal_config.\sh_size_i [0] is used but has no driver.
SBY 21:23:13 [formal/config_cover] prep: Warning: Wire formal_config.\sh_idx is used but has no driver.
SBY 21:23:13 [formal/config_cover] prep: Warning: Wire formal_config.\sh_en_i is used but has no driver.
SBY 21:23:13 [formal/config_cover] prep: Warning: Wire formal_config.\sh_dpa_i [11] is used but has no driver.
SBY 21:23:13 [formal/config_cover] prep: Warning: Wire formal_config.\sh_dpa_i [10] is used but has no driver.
SBY 21:23:13 [formal/config_cover] prep: Warning: Wire formal_config.\sh_dpa_i [9] is used but has no driver.
SBY 21:23:13 [formal/config_cover] prep: Warning: Wire formal_config.\sh_dpa_i [8] is used but has no driver.
SBY 21:23:13 [formal/config_cover] prep: Warning: Wire formal_config.\sh_dpa_i [7] is used but has no driver.
SBY 21:23:13 [formal/config_cover] prep: Warning: Wire formal_config.\sh_dpa_i [6] is used but has no driver.
SBY 21:23:13 [formal/config_cover] prep: Warning: Wire formal_config.\sh_dpa_i [5] is used but has no driver.
SBY 21:23:13 [formal/config_cover] prep: Warning: Wire formal_config.\sh_dpa_i [4] is used but has no driver.
SBY 21:23:13 [formal/config_cover] prep: Warning: Wire formal_config.\sh_dpa_i [3] is used but has no driver.
SBY 21:23:13 [formal/config_cover] prep: Warning: Wire formal_config.\sh_dpa_i [2] is used but has no driver.
SBY 21:23:13 [formal/config_cover] prep: Warning: Wire formal_config.\sh_dpa_i [1] is used but has no driver.
SBY 21:23:13 [formal/config_cover] prep: Warning: Wire formal_config.\sh_dpa_i [0] is used but has no driver.
SBY 21:23:13 [formal/config_cover] prep: Warning: Wire formal_config.\sh_cap_we is used but has no driver.
SBY 21:23:13 [formal/config_cover] prep: Warning: Wire formal_config.\sh_cap_i [12] is used but has no driver.
SBY 21:23:13 [formal/config_cover] prep: Warning: Wire formal_config.\sh_cap_i [11] is used but has no driver.
SBY 21:23:13 [formal/config_cover] prep: Warning: Wire formal_config.\sh_cap_i [10] is used but has no driver.
SBY 21:23:13 [formal/config_cover] prep: Warning: Wire formal_config.\sh_cap_i [9] is used but has no driver.
SBY 21:23:13 [formal/config_cover] prep: Warning: Wire formal_config.\sh_cap_i [8] is used but has no driver.
SBY 21:23:13 [formal/config_cover] prep: Warning: Wire formal_config.\sh_cap_i [7] is used but has no driver.
SBY 21:23:13 [formal/config_cover] prep: Warning: Wire formal_config.\sh_cap_i [6] is used but has no driver.
SBY 21:23:13 [formal/config_cover] prep: Warning: Wire formal_config.\sh_cap_i [5] is used but has no driver.
SBY 21:23:13 [formal/config_cover] prep: Warning: Wire formal_config.\sh_cap_i [4] is used but has no driver.
SBY 21:23:13 [formal/config_cover] prep: Warning: Wire formal_config.\sh_cap_i [3] is used but has no driver.
SBY 21:23:13 [formal/config_cover] prep: Warning: Wire formal_config.\sh_cap_i [2] is used but has no driver.
SBY 21:23:13 [formal/config_cover] prep: Warning: Wire formal_config.\sh_cap_i [1] is used but has no driver.
SBY 21:23:13 [formal/config_cover] prep: Warning: Wire formal_config.\sh_cap_i [0] is used but has no driver.
SBY 21:23:13 [formal/config_cover] prep: Warning: Wire formal_config.\sh_base_i [15] is used but has no driver.
SBY 21:23:13 [formal/config_cover] prep: Warning: Wire formal_config.\sh_base_i [14] is used but has no driver.
SBY 21:23:13 [formal/config_cover] prep: Warning: Wire formal_config.\sh_base_i [13] is used but has no driver.
SBY 21:23:13 [formal/config_cover] prep: Warning: Wire formal_config.\sh_base_i [12] is used but has no driver.
SBY 21:23:13 [formal/config_cover] prep: Warning: Wire formal_config.\sh_base_i [11] is used but has no driver.
SBY 21:23:13 [formal/config_cover] prep: Warning: Wire formal_config.\sh_base_i [10] is used but has no driver.
SBY 21:23:13 [formal/config_cover] prep: Warning: Wire formal_config.\sh_base_i [9] is used but has no driver.
SBY 21:23:13 [formal/config_cover] prep: Warning: Wire formal_config.\sh_base_i [8] is used but has no driver.
SBY 21:23:13 [formal/config_cover] prep: Warning: Wire formal_config.\sh_base_i [7] is used but has no driver.
SBY 21:23:13 [formal/config_cover] prep: Warning: Wire formal_config.\sh_base_i [6] is used but has no driver.
SBY 21:23:13 [formal/config_cover] prep: Warning: Wire formal_config.\sh_base_i [5] is used but has no driver.
SBY 21:23:13 [formal/config_cover] prep: Warning: Wire formal_config.\sh_base_i [4] is used but has no driver.
SBY 21:23:13 [formal/config_cover] prep: Warning: Wire formal_config.\sh_base_i [3] is used but has no driver.
SBY 21:23:13 [formal/config_cover] prep: Warning: Wire formal_config.\sh_base_i [2] is used but has no driver.
SBY 21:23:13 [formal/config_cover] prep: Warning: Wire formal_config.\sh_base_i [1] is used but has no driver.
SBY 21:23:13 [formal/config_cover] prep: Warning: Wire formal_config.\sh_base_i [0] is used but has no driver.
SBY 21:23:13 [formal/config_cover] prep: Warning: Wire formal_config.\outstanding_cnt [2] is used but has no driver.
SBY 21:23:13 [formal/config_cover] prep: Warning: Wire formal_config.\outstanding_cnt [1] is used but has no driver.
SBY 21:23:13 [formal/config_cover] prep: Warning: Wire formal_config.\outstanding_cnt [0] is used but has no driver.
SBY 21:23:13 [formal/config_cover] prep: Warning: Wire formal_config.\cfg_update_req is used but has no driver.
SBY 21:23:13 [formal/config_cover] prep: Warning: Wire formal_config.\rst_n is used but has no driver.
SBY 21:23:13 [formal/config_cover] prep: finished (returncode=0)
SBY 21:23:13 [formal/config_cover] smt2: starting process &quot;cd formal/config_cover/model; yosys -ql design_smt2.log design_smt2.ys&quot;
SBY 21:23:13 [formal/config_cover] smt2: finished (returncode=0)
SBY 21:23:13 [formal/config_cover] engine_0: starting process &quot;cd formal/config_cover; yosys-smtbmc -s yices --presat --unroll -c --noprogress -t 12  --append 0 --dump-vcd engine_0/trace%.vcd --dump-yw engine_0/trace%.yw --dump-vlogtb engine_0/trace%_tb.v --dump-smtc engine_0/trace%.smtc model/design_smt2.smt2&quot;
SBY 21:23:13 [formal/config_cover] engine_0: ##   0:00:00  Solver: yices
SBY 21:23:13 [formal/config_cover] engine_0: ##   0:00:00  Checking cover reachability in step 0..
SBY 21:23:13 [formal/config_cover] engine_0: ##   0:00:00  Checking cover reachability in step 1..
SBY 21:23:13 [formal/config_cover] engine_0: ##   0:00:00  Reached cover statement in step 1 at formal_config: formal_config.sv:55.5-55.42 (_witness_.check_cover_formal_config_sv_55_222)
SBY 21:23:13 [formal/config_cover] engine_0: ##   0:00:00  Writing trace to VCD file: engine_0/trace0.vcd
SBY 21:23:13 [formal/config_cover] engine_0: ##   0:00:00  Writing trace to Verilog testbench: engine_0/trace0_tb.v
SBY 21:23:13 [formal/config_cover] engine_0: ##   0:00:00  Writing trace to constraints file: engine_0/trace0.smtc
SBY 21:23:13 [formal/config_cover] engine_0: ##   0:00:00  Writing trace to Yosys witness file: engine_0/trace0.yw
SBY 21:23:13 [formal/config_cover] engine_0: ##   0:00:00  Checking cover reachability in step 1..
SBY 21:23:13 [formal/config_cover] engine_0: ##   0:00:00  Reached cover statement in step 1 at formal_config: formal_config.sv:56.5-56.42 (_witness_.check_cover_formal_config_sv_56_226)
SBY 21:23:13 [formal/config_cover] engine_0: ##   0:00:00  Writing trace to VCD file: engine_0/trace1.vcd
SBY 21:23:13 [formal/config_cover] engine_0: ##   0:00:00  Writing trace to Verilog testbench: engine_0/trace1_tb.v
SBY 21:23:13 [formal/config_cover] engine_0: ##   0:00:00  Writing trace to constraints file: engine_0/trace1.smtc
SBY 21:23:13 [formal/config_cover] engine_0: ##   0:00:00  Writing trace to Yosys witness file: engine_0/trace1.yw
SBY 21:23:13 [formal/config_cover] engine_0: ##   0:00:00  Checking cover reachability in step 1..
SBY 21:23:13 [formal/config_cover] engine_0: ##   0:00:00  Reached cover statement in step 1 at formal_config: formal_config.sv:57.5-57.42 (_witness_.check_cover_formal_config_sv_57_230)
SBY 21:23:13 [formal/config_cover] engine_0: ##   0:00:00  Writing trace to VCD file: engine_0/trace2.vcd
SBY 21:23:13 [formal/config_cover] engine_0: ##   0:00:00  Writing trace to Verilog testbench: engine_0/trace2_tb.v
SBY 21:23:13 [formal/config_cover] engine_0: ##   0:00:00  Writing trace to constraints file: engine_0/trace2.smtc
SBY 21:23:13 [formal/config_cover] engine_0: ##   0:00:00  Writing trace to Yosys witness file: engine_0/trace2.yw
SBY 21:23:13 [formal/config_cover] engine_0: ##   0:00:00  Checking cover reachability in step 1..
SBY 21:23:13 [formal/config_cover] engine_0: ##   0:00:00  Checking cover reachability in step 2..
SBY 21:23:13 [formal/config_cover] engine_0: ##   0:00:00  Reached cover statement in step 2 at formal_config: formal_config.sv:58.5-58.45 (_witness_.check_cover_formal_config_sv_58_234)
SBY 21:23:13 [formal/config_cover] engine_0: ##   0:00:00  Writing trace to VCD file: engine_0/trace3.vcd
SBY 21:23:13 [formal/config_cover] engine_0: ##   0:00:00  Writing trace to Verilog testbench: engine_0/trace3_tb.v
SBY 21:23:13 [formal/config_cover] engine_0: ##   0:00:00  Writing trace to constraints file: engine_0/trace3.smtc
SBY 21:23:13 [formal/config_cover] engine_0: ##   0:00:00  Writing trace to Yosys witness file: engine_0/trace3.yw
SBY 21:23:13 [formal/config_cover] engine_0: ##   0:00:00  Checking cover reachability in step 2..
SBY 21:23:13 [formal/config_cover] engine_0: ##   0:00:00  Reached cover statement in step 2 at formal_config: formal_config.sv:54.5-54.57 (_witness_.check_cover_formal_config_sv_54_219)
SBY 21:23:13 [formal/config_cover] engine_0: ##   0:00:00  Writing trace to VCD file: engine_0/trace4.vcd
SBY 21:23:13 [formal/config_cover] engine_0: ##   0:00:00  Writing trace to Verilog testbench: engine_0/trace4_tb.v
SBY 21:23:13 [formal/config_cover] engine_0: ##   0:00:00  Writing trace to constraints file: engine_0/trace4.smtc
SBY 21:23:13 [formal/config_cover] engine_0: ##   0:00:00  Writing trace to Yosys witness file: engine_0/trace4.yw
SBY 21:23:13 [formal/config_cover] engine_0: ##   0:00:00  Checking cover reachability in step 2..
SBY 21:23:13 [formal/config_cover] engine_0: ##   0:00:00  Checking cover reachability in step 3..
SBY 21:23:13 [formal/config_cover] engine_0: ##   0:00:00  Reached cover statement in step 3 at formal_config: formal_config.sv:48.5-48.43 (_witness_.check_cover_formal_config_sv_48_199)
SBY 21:23:13 [formal/config_cover] engine_0: ##   0:00:00  Writing trace to VCD file: engine_0/trace5.vcd
SBY 21:23:13 [formal/config_cover] engine_0: ##   0:00:00  Writing trace to Verilog testbench: engine_0/trace5_tb.v
SBY 21:23:13 [formal/config_cover] engine_0: ##   0:00:00  Writing trace to constraints file: engine_0/trace5.smtc
SBY 21:23:13 [formal/config_cover] engine_0: ##   0:00:00  Writing trace to Yosys witness file: engine_0/trace5.yw
SBY 21:23:13 [formal/config_cover] engine_0: ##   0:00:00  Checking cover reachability in step 3..
SBY 21:23:13 [formal/config_cover] engine_0: ##   0:00:00  Reached cover statement in step 3 at formal_config: formal_config.sv:49.5-49.68 (_witness_.check_cover_formal_config_sv_49_202)
SBY 21:23:13 [formal/config_cover] engine_0: ##   0:00:00  Writing trace to VCD file: engine_0/trace6.vcd
SBY 21:23:13 [formal/config_cover] engine_0: ##   0:00:00  Writing trace to Verilog testbench: engine_0/trace6_tb.v
SBY 21:23:13 [formal/config_cover] engine_0: ##   0:00:00  Writing trace to constraints file: engine_0/trace6.smtc
SBY 21:23:13 [formal/config_cover] engine_0: ##   0:00:00  Writing trace to Yosys witness file: engine_0/trace6.yw
SBY 21:23:13 [formal/config_cover] engine_0: ##   0:00:00  Checking cover reachability in step 3..
SBY 21:23:13 [formal/config_cover] engine_0: ##   0:00:00  Checking cover reachability in step 4..
SBY 21:23:13 [formal/config_cover] engine_0: ##   0:00:00  Reached cover statement in step 4 at formal_config: formal_config.sv:50.5-50.43 (_witness_.check_cover_formal_config_sv_50_207)
SBY 21:23:13 [formal/config_cover] engine_0: ##   0:00:00  Writing trace to VCD file: engine_0/trace7.vcd
SBY 21:23:13 [formal/config_cover] engine_0: ##   0:00:00  Writing trace to Verilog testbench: engine_0/trace7_tb.v
SBY 21:23:13 [formal/config_cover] engine_0: ##   0:00:00  Writing trace to constraints file: engine_0/trace7.smtc
SBY 21:23:13 [formal/config_cover] engine_0: ##   0:00:00  Writing trace to Yosys witness file: engine_0/trace7.yw
SBY 21:23:13 [formal/config_cover] engine_0: ##   0:00:00  Checking cover reachability in step 4..
SBY 21:23:13 [formal/config_cover] engine_0: ##   0:00:00  Reached cover statement in step 4 at formal_config: formal_config.sv:52.5-52.32 (_witness_.check_cover_formal_config_sv_52_212)
SBY 21:23:13 [formal/config_cover] engine_0: ##   0:00:00  Writing trace to VCD file: engine_0/trace8.vcd
SBY 21:23:13 [formal/config_cover] engine_0: ##   0:00:00  Writing trace to Verilog testbench: engine_0/trace8_tb.v
SBY 21:23:13 [formal/config_cover] engine_0: ##   0:00:00  Writing trace to constraints file: engine_0/trace8.smtc
SBY 21:23:13 [formal/config_cover] engine_0: ##   0:00:00  Writing trace to Yosys witness file: engine_0/trace8.yw
SBY 21:23:13 [formal/config_cover] engine_0: ##   0:00:00  Checking cover reachability in step 4..
SBY 21:23:13 [formal/config_cover] engine_0: ##   0:00:00  Checking cover reachability in step 5..
SBY 21:23:13 [formal/config_cover] engine_0: ##   0:00:00  Reached cover statement in step 5 at formal_config: formal_config.sv:51.5-51.28 (_witness_.check_cover_formal_config_sv_51_210)
SBY 21:23:13 [formal/config_cover] engine_0: ##   0:00:00  Reached cover statement in step 5 at formal_config: formal_config.sv:53.5-53.66 (_witness_.check_cover_formal_config_sv_53_214)
SBY 21:23:13 [formal/config_cover] engine_0: ##   0:00:00  Writing trace to VCD file: engine_0/trace9.vcd
SBY 21:23:13 [formal/config_cover] engine_0: ##   0:00:00  Writing trace to Verilog testbench: engine_0/trace9_tb.v
SBY 21:23:13 [formal/config_cover] engine_0: ##   0:00:00  Writing trace to constraints file: engine_0/trace9.smtc
SBY 21:23:13 [formal/config_cover] engine_0: ##   0:00:00  Writing trace to Yosys witness file: engine_0/trace9.yw
SBY 21:23:13 [formal/config_cover] engine_0: ##   0:00:00  Status: passed
SBY 21:23:13 [formal/config_cover] engine_0: finished (returncode=0)
SBY 21:23:13 [formal/config_cover] engine_0: Status returned by engine: pass
SBY 21:23:13 [formal/config_cover] summary: Elapsed clock time [H:MM:SS (secs)]: 0:00:00 (0)
SBY 21:23:13 [formal/config_cover] summary: Elapsed process time [H:MM:SS (secs)]: 0:00:00 (0)
SBY 21:23:13 [formal/config_cover] summary: engine_0 (smtbmc yices) returned pass
SBY 21:23:13 [formal/config_cover] summary: cover trace: formal/config_cover/engine_0/trace0.vcd
SBY 21:23:13 [formal/config_cover] summary:   reached cover statement formal_config._witness_.check_cover_formal_config_sv_55_222 at formal_config.sv:55.5-55.42 step 1
SBY 21:23:13 [formal/config_cover] summary: cover trace: formal/config_cover/engine_0/trace1.vcd
SBY 21:23:13 [formal/config_cover] summary:   reached cover statement formal_config._witness_.check_cover_formal_config_sv_56_226 at formal_config.sv:56.5-56.42 step 1
SBY 21:23:13 [formal/config_cover] summary: cover trace: formal/config_cover/engine_0/trace2.vcd
SBY 21:23:13 [formal/config_cover] summary:   reached cover statement formal_config._witness_.check_cover_formal_config_sv_57_230 at formal_config.sv:57.5-57.42 step 1
SBY 21:23:13 [formal/config_cover] summary: cover trace: formal/config_cover/engine_0/trace3.vcd
SBY 21:23:13 [formal/config_cover] summary:   reached cover statement formal_config._witness_.check_cover_formal_config_sv_58_234 at formal_config.sv:58.5-58.45 step 2
SBY 21:23:13 [formal/config_cover] summary: cover trace: formal/config_cover/engine_0/trace4.vcd
SBY 21:23:13 [formal/config_cover] summary:   reached cover statement formal_config._witness_.check_cover_formal_config_sv_54_219 at formal_config.sv:54.5-54.57 step 2
SBY 21:23:13 [formal/config_cover] summary: and 5 further traces
SBY 21:23:13 [formal/config_cover] summary: see formal/config_cover/PASS for a complete summary
SBY 21:23:13 [formal/config_cover] DONE (PASS, rc=0)
</system-out>
<system-err>
</system-err>
</testsuite>
</testsuites>
